<?xml version="1.0" encoding="UTF-8"?>
<!-- Generated by org.testng.reporters.JUnitReportReporter -->
<testsuite skipped="0" hostname="TUANNGUYEN-PC" name="com.runner.TestNGRunner" tests="1" failures="0" timestamp="19 Jul 2018 16:12:19 GMT" time="30.381" errors="0">
  <testcase name="feature" time="30.381" classname="com.runner.TestNGRunner"/>
</testsuite> <!-- com.runner.TestNGRunner -->
