<?xml version="1.0" encoding="UTF-8"?>
<!-- Generated by org.testng.reporters.JUnitReportReporter -->
<testsuite skipped="0" hostname="TUANNGUYEN-PC" name="com.runner.TestNGRunner" tests="1" failures="0" timestamp="27 Jul 2018 00:47:24 GMT" time="31.181" errors="0">
  <testcase name="feature" time="31.181" classname="com.runner.TestNGRunner"/>
</testsuite> <!-- com.runner.TestNGRunner -->
